\BOOKMARK [0][-]{chapter*.1}{\376\377\000A\000b\000s\000t\000r\000a\000c\000t}{}% 1
\BOOKMARK [0][-]{chapter*.2}{\376\377\000C\000o\000n\000t\000e\000n\000t\000s}{}% 2
\BOOKMARK [0][-]{chapter.3}{\376\377\000B\000a\000c\000k\000g\000r\000o\000u\000n\000d}{}% 3
\BOOKMARK [1][-]{section.4}{\376\377\000C\000e\000l\000l}{chapter.3}% 4
\BOOKMARK [2][-]{subsection.5}{\376\377\000C\000e\000l\000l\000\040\000L\000i\000n\000e\000a\000g\000e}{section.4}% 5
\BOOKMARK [2][-]{subsection.6}{\376\377\000C\000e\000l\000l\000\040\000C\000l\000a\000s\000s\000i\000f\000i\000c\000a\000t\000i\000o\000n}{section.4}% 6
\BOOKMARK [1][-]{section.7}{\376\377\000S\000i\000n\000g\000l\000e\000-\000c\000e\000l\000l\000\040\000B\000i\000o\000l\000o\000g\000y\000\040\000a\000n\000d\000\040\000C\000e\000l\000l\000\040\000L\000i\000n\000e\000a\000g\000e}{chapter.3}% 7
\BOOKMARK [2][-]{subsection.8}{\376\377\000S\000i\000n\000g\000l\000e\000-\000c\000e\000l\000l\000\040\000O\000m\000i\000c\000s}{section.7}% 8
\BOOKMARK [2][-]{subsection.9}{\376\377\000T\000h\000e\000\040\000H\000u\000m\000a\000n\000\040\000C\000e\000l\000l\000\040\000A\000t\000l\000a\000s}{section.7}% 9
\BOOKMARK [2][-]{subsection.10}{\376\377\000S\000i\000n\000g\000l\000e\000-\000c\000e\000l\000l\000\040\000T\000r\000a\000j\000e\000c\000t\000o\000r\000y\000\040\000I\000n\000f\000e\000r\000e\000n\000c\000e\000\040\000\050\000s\000c\000T\000I\000\051}{section.7}% 10
\BOOKMARK [0][-]{chapter.11}{\376\377\000C\000u\000r\000r\000e\000n\000t\000\040\000R\000e\000s\000e\000a\000r\000c\000h\000\040\000A\000c\000h\000i\000e\000v\000e\000m\000e\000n\000t\000s}{}% 11
\BOOKMARK [1][-]{section.12}{\376\377\000S\000c\000T\000I\000\040\000M\000e\000t\000h\000o\000d\000s\000\040\000a\000r\000e\000\040\000C\000o\000n\000s\000t\000a\000n\000t\000l\000y\000\040\000B\000e\000i\000n\000g\000\040\000D\000e\000v\000e\000l\000o\000p\000e\000d}{chapter.11}% 12
\BOOKMARK [1][-]{section.13}{\376\377\000S\000c\000T\000I\000\040\000M\000e\000t\000h\000o\000d\000s\000\040\000A\000n\000a\000l\000y\000z\000i\000n\000g\000\040\000D\000i\000f\000f\000e\000r\000e\000n\000t\000\040\000C\000e\000l\000l\000\040\000L\000i\000n\000e\000a\000g\000e}{chapter.11}% 13
\BOOKMARK [2][-]{subsection.14}{\376\377\000H\000e\000m\000a\000t\000o\000p\000o\000i\000e\000t\000i\000c\000\040\000S\000y\000s\000t\000e\000m}{section.13}% 14
\BOOKMARK [2][-]{subsection.15}{\376\377\000C\000a\000n\000c\000e\000r\000\040\000R\000e\000s\000e\000a\000r\000c\000h}{section.13}% 15
\BOOKMARK [1][-]{section.16}{\376\377\000S\000u\000m\000m\000e\000r\000y\000\040\000o\000f\000\040\000C\000o\000m\000m\000o\000n\000l\000y\000\040\000U\000s\000e\000d\000\040\000s\000c\000T\000I\000\040\000M\000e\000t\000h\000o\000d\000s}{chapter.11}% 16
\BOOKMARK [2][-]{subsection.17}{\376\377\000C\000o\000m\000m\000o\000n\000l\000y\000\040\000U\000s\000e\000d\000\040\000s\000c\000T\000I\000\040\000M\000e\000t\000h\000o\000d\000s}{section.16}% 17
\BOOKMARK [2][-]{subsection.19}{\376\377\000B\000a\000s\000i\000c\000\040\000T\000r\000a\000j\000e\000c\000t\000o\000r\000y\000\040\000S\000t\000r\000u\000c\000t\000u\000r\000e\000\040\000T\000y\000p\000e\000s}{section.16}% 18
\BOOKMARK [2][-]{subsection.22}{\376\377\000I\000n\000f\000e\000r\000a\000b\000l\000e\000\040\000T\000r\000a\000j\000e\000c\000t\000o\000r\000y\000\040\000S\000t\000r\000u\000c\000t\000u\000r\000e\000s\000\040\000o\000f\000\040\000s\000c\000T\000I\000\040\000M\000e\000t\000h\000o\000d\000s}{section.16}% 19
\BOOKMARK [0][-]{chapter.24}{\376\377\000F\000u\000t\000u\000r\000e\000\040\000D\000i\000r\000e\000c\000t\000i\000o\000n\000s}{}% 20
\BOOKMARK [1][-]{section.25}{\376\377\000S\000i\000n\000g\000l\000e\000-\000c\000e\000l\000l\000\040\000O\000m\000i\000c\000s}{chapter.24}% 21
\BOOKMARK [2][-]{subsection.26}{\376\377\000D\000a\000t\000a\000\040\000Q\000u\000a\000l\000i\000t\000y\000\040\000a\000n\000d\000\040\000S\000e\000q\000u\000e\000n\000c\000i\000n\000g\000\040\000D\000e\000p\000t\000h}{section.25}% 22
\BOOKMARK [2][-]{subsection.27}{\376\377\000D\000a\000t\000a\000\040\000P\000r\000e\000p\000r\000o\000c\000e\000s\000s\000i\000n\000g\000\040\000T\000e\000c\000h\000n\000o\000l\000o\000g\000y}{section.25}% 23
\BOOKMARK [2][-]{subsection.28}{\376\377\000M\000u\000l\000t\000i\000-\000o\000m\000i\000c\000s\000\040\000A\000n\000a\000l\000y\000s\000i\000s\000\040\000i\000n\000\040\000O\000n\000e\000\040\000C\000e\000l\000l}{section.25}% 24
\BOOKMARK [1][-]{section.29}{\376\377\000C\000o\000r\000e\000\040\000A\000l\000g\000o\000r\000i\000t\000h\000m\000s\000\040\000o\000f\000\040\000s\000c\000T\000I\000\040\000M\000e\000t\000h\000o\000d\000s}{chapter.24}% 25
\BOOKMARK [2][-]{subsection.30}{\376\377\000A\000d\000v\000a\000n\000c\000e\000d\000\040\000A\000l\000g\000o\000r\000i\000t\000h\000m\000s}{section.29}% 26
\BOOKMARK [2][-]{subsection.31}{\376\377\000M\000a\000t\000h\000e\000m\000a\000t\000i\000c\000a\000l\000\040\000M\000o\000d\000e\000l\000s}{section.29}% 27
\BOOKMARK [1][-]{section.32}{\376\377\000B\000i\000o\000l\000o\000g\000i\000c\000a\000l\000\040\000A\000n\000a\000l\000y\000s\000i\000s\000\040\000R\000e\000l\000a\000t\000e\000d\000\040\000t\000o\000\040\000c\000s\000T\000I\000\040\000M\000e\000t\000h\000o\000d\000s}{chapter.24}% 28
\BOOKMARK [1][-]{section.33}{\376\377\000E\000s\000t\000a\000b\000l\000i\000s\000h\000m\000e\000n\000t\000\040\000o\000f\000\040\000t\000h\000e\000\040\000c\000o\000m\000p\000l\000e\000t\000e\000\040\000c\000e\000l\000l\000\040\000l\000i\000n\000e\000a\000g\000e\000\040\000o\000f\000\040\000s\000p\000e\000c\000i\000e\000s}{chapter.24}% 29
\BOOKMARK [0][-]{appendix*.34}{\376\377\000B\000i\000b\000l\000i\000o\000g\000r\000a\000p\000h\000y}{}% 30
