\BOOKMARK [0][-]{chapter*.1}{\376\377\000A\000b\000s\000t\000r\000a\000c\000t}{}% 1
\BOOKMARK [0][-]{chapter*.2}{\376\377\000C\000o\000n\000t\000e\000n\000t\000s}{}% 2
\BOOKMARK [0][-]{chapter.3}{\376\377\000M\000o\000d\000e\000l\000i\000n\000g\000\040\000d\000o\000x\000y\000c\000y\000c\000l\000i\000n\000e\000-\000i\000n\000d\000u\000c\000e\000d\000\040\000G\000F\000P\000\040\000e\000x\000p\000r\000e\000s\000s\000i\000o\000n\000\040\000s\000y\000s\000t\000e\000m\000s\000,\000\040\000w\000i\000t\000h\000o\000u\000t\000\040\000f\000e\000e\000d\000b\000a\000c\000k}{}% 3
\BOOKMARK [1][-]{section.4}{\376\377\000I\000n\000f\000o\000r\000m\000a\000t\000i\000o\000n\000s}{chapter.3}% 4
\BOOKMARK [1][-]{section.6}{\376\377\000W\000r\000i\000t\000e\000\040\000s\000t\000e\000p\000-\000b\000y\000-\000s\000t\000e\000p\000\040\000r\000e\000a\000c\000t\000i\000o\000n\000s}{chapter.3}% 5
\BOOKMARK [2][-]{subsection.7}{\376\377\000S\000y\000m\000b\000o\000l\000s}{section.6}% 6
\BOOKMARK [2][-]{subsection.9}{\376\377\000M\000o\000d\000e\000l}{section.6}% 7
\BOOKMARK [2][-]{subsection.13}{\376\377\000R\000e\000a\000c\000t\000i\000o\000n\000s}{section.6}% 8
\BOOKMARK [1][-]{section.14}{\376\377\000W\000r\000i\000t\000e\000\040\000O\000D\000E\000\040\000e\000q\000u\000a\000t\000i\000o\000n\000s\000\040\000f\000r\000o\000m\000\040\000r\000e\000a\000c\000t\000i\000o\000n\000s}{chapter.3}% 9
\BOOKMARK [1][-]{section.16}{\376\377\000S\000i\000m\000p\000l\000i\000f\000i\000e\000d\000\040\000t\000h\000e\000\040\000m\000o\000d\000e\000l\000\040\000w\000i\000t\000h\000\040\000q\000u\000a\000s\000i\000-\000s\000t\000e\000a\000d\000y\000\040\000s\000t\000a\000t\000e\000\040\000a\000s\000s\000u\000m\000p\000t\000i\000o\000n\000\040\000a\000n\000d\000\040\000j\000u\000s\000t\000i\000f\000i\000e\000d\000\040\000t\000h\000e\000\040\000a\000s\000s\000u\000m\000p\000t\000i\000o\000n\000s}{chapter.3}% 10
\BOOKMARK [2][-]{subsection.17}{\376\377\000S\000i\000m\000p\000l\000i\000f\000i\000c\000a\000t\000i\000o\000n}{section.16}% 11
\BOOKMARK [1][-]{section.22}{\376\377\000P\000l\000a\000y\000\040\000w\000i\000t\000h\000\040\000t\000h\000e\000\040\000p\000a\000r\000a\000m\000e\000t\000e\000r\000s\000\040\000t\000o\000\040\000m\000i\000m\000i\000c\000\040\000d\000a\000t\000a\000\040\000f\000r\000o\000m\000\040\000F\000i\000g\000u\000r\000e\000\040\0001\000.\0001\000\040\000C}{chapter.3}% 12
\BOOKMARK [0][-]{chapter.24}{\376\377\000M\000o\000d\000e\000l\000i\000n\000g\000\040\000d\000o\000x\000y\000c\000y\000c\000l\000i\000n\000e\000-\000i\000n\000d\000u\000c\000e\000d\000\040\000m\000C\000h\000e\000r\000r\000y\000\040\000e\000x\000p\000r\000e\000s\000s\000i\000o\000n\000\040\000s\000y\000s\000t\000e\000m\000s\000,\000\040\000w\000i\000t\000h\000\040\000f\000e\000e\000d\000b\000a\000c\000k}{}% 13
\BOOKMARK [1][-]{section.25}{\376\377\000I\000n\000f\000o\000r\000m\000a\000t\000i\000o\000n\000s}{chapter.24}% 14
\BOOKMARK [1][-]{section.27}{\376\377\000W\000r\000i\000t\000e\000\040\000s\000t\000e\000p\000-\000b\000y\000-\000s\000t\000e\000p\000\040\000r\000e\000a\000c\000t\000i\000o\000n\000s}{chapter.24}% 15
\BOOKMARK [2][-]{subsection.28}{\376\377\000S\000y\000m\000b\000o\000l\000s}{section.27}% 16
\BOOKMARK [2][-]{subsection.30}{\376\377\000M\000o\000d\000e\000l}{section.27}% 17
\BOOKMARK [2][-]{subsection.35}{\376\377\000R\000e\000a\000c\000t\000i\000o\000n\000s}{section.27}% 18
\BOOKMARK [1][-]{section.36}{\376\377\000W\000r\000i\000t\000e\000\040\000O\000D\000E\000\040\000e\000q\000u\000a\000t\000i\000o\000n\000s\000\040\000f\000r\000o\000m\000\040\000r\000e\000a\000c\000t\000i\000o\000n\000s}{chapter.24}% 19
\BOOKMARK [1][-]{section.38}{\376\377\000S\000i\000m\000p\000l\000i\000f\000i\000e\000d\000\040\000t\000h\000e\000\040\000m\000o\000d\000e\000l\000\040\000w\000i\000t\000h\000\040\000q\000u\000a\000s\000i\000-\000s\000t\000e\000a\000d\000y\000\040\000s\000t\000a\000t\000e\000\040\000a\000s\000s\000u\000m\000p\000t\000i\000o\000n\000\040\000a\000n\000d\000\040\000j\000u\000s\000t\000i\000f\000i\000e\000d\000\040\000t\000h\000e\000\040\000a\000s\000s\000u\000m\000p\000t\000i\000o\000n\000s}{chapter.24}% 20
\BOOKMARK [2][-]{subsection.39}{\376\377\000S\000i\000m\000p\000l\000i\000f\000i\000c\000a\000t\000i\000o\000n}{section.38}% 21
\BOOKMARK [1][-]{section.46}{\376\377\000P\000l\000a\000y\000\040\000w\000i\000t\000h\000\040\000t\000h\000e\000\040\000p\000a\000r\000a\000m\000e\000t\000e\000r\000s\000\040\000t\000o\000\040\000m\000i\000m\000i\000c\000\040\000d\000a\000t\000a\000\040\000f\000r\000o\000m\000\040\000F\000i\000g\000u\000r\000e\000\040\0002\000.\0001\000\040\000F\000\040}{chapter.24}% 22
\BOOKMARK [1][-]{section.48}{\376\377\000D\000i\000s\000c\000u\000s\000s\000\040\000t\000h\000e\000\040\000d\000i\000f\000f\000e\000r\000e\000n\000c\000e\000s\000\040\000b\000e\000t\000w\000e\000e\000n\000\040\000F\000i\000g\000u\000r\000e\000s\000\040\0002\000.\0001\000\040\000F\000\040\000a\000n\000d\000\040\0001\000.\0001\000\040\000C\000,\000\040\000a\000n\000d\000\040\000e\000x\000p\000l\000a\000i\000n\000\040\000t\000h\000e\000m\000\040\000u\000s\000i\000n\000g\000\040\000t\000h\000e\000\040\000m\000o\000d\000e\000l}{chapter.24}% 23
\BOOKMARK [0][-]{chapter.49}{\376\377\000M\000o\000d\000e\000l\000i\000n\000g\000\040\000t\000h\000e\000\040\000h\000e\000t\000e\000r\000o\000g\000e\000n\000e\000i\000t\000y\000\040\000o\000f\000\040\000t\000h\000e\000\040\000D\000o\000x\000-\000i\000n\000d\000u\000c\000e\000d\000\040\000G\000F\000P\000\040\000\050\000o\000r\000\040\000m\000C\000h\000e\000r\000r\000y\000\051\000\040\000e\000x\000p\000r\000e\000s\000s\000i\000o\000n\000s}{}% 24
\BOOKMARK [1][-]{section.50}{\376\377\000T\000h\000e\000\040\000m\000o\000d\000e\000l}{chapter.49}% 25
\BOOKMARK [2][-]{subsection.51}{\376\377\000R\000a\000n\000d\000o\000m\000\040\000e\000p\000i\000g\000e\000n\000e\000t\000i\000c\000\040\000i\000n\000h\000e\000r\000i\000t\000a\000n\000c\000e}{section.50}% 26
\BOOKMARK [2][-]{subsection.53}{\376\377\000R\000a\000n\000d\000o\000m\000\040\000c\000o\000p\000y\000\040\000n\000u\000m\000b\000e\000r\000\040\000v\000a\000r\000i\000a\000n\000c\000e}{section.50}% 27
\BOOKMARK [2][-]{subsection.55}{\376\377\000R\000a\000n\000d\000o\000m\000\040\000b\000a\000s\000a\000l\000\040\000e\000x\000p\000r\000e\000s\000s\000i\000o\000n\000\040\000l\000e\000v\000e\000l\000\040\000o\000f\000\040\000G\000F\000P\000,\000\040\000m\000C\000h\000e\000r\000r\000y\000\040\000a\000n\000d\000\040\000t\000e\000t\000R\000-\000d\000i\000m\000e\000r}{section.50}% 28
\BOOKMARK [1][-]{section.57}{\376\377\000S\000i\000m\000u\000l\000a\000t\000e\000\040\000t\000h\000e\000\040\000f\000l\000o\000w\000\040\000c\000y\000t\000o\000m\000e\000t\000r\000y\000\040\000d\000a\000t\000a\000\040\000w\000i\000t\000h\000\040\000s\000i\000m\000u\000l\000a\000t\000i\000o\000n\000s\000\040\000o\000f\000\040\0001\0000\0000\0000\000\040\000c\000e\000l\000l\000s}{chapter.49}% 29
\BOOKMARK [2][-]{subsection.58}{\376\377\000H\000e\000t\000e\000r\000o\000g\000e\000n\000e\000i\000t\000y\000\040\000o\000f\000\040\000D\000o\000x\000-\000i\000n\000d\000u\000c\000e\000d\000\040\000s\000i\000n\000g\000l\000e\000-\000c\000e\000l\000l\000\040\000e\000x\000p\000r\000e\000s\000s\000i\000o\000n\000s\000,\000\040\000w\000i\000t\000h\000o\000u\000t\000\040\000f\000e\000e\000d\000b\000a\000c\000k}{section.57}% 30
\BOOKMARK [2][-]{subsection.60}{\376\377\000H\000e\000t\000e\000r\000o\000g\000e\000n\000e\000i\000t\000y\000\040\000o\000f\000\040\000D\000o\000x\000-\000i\000n\000d\000u\000c\000e\000d\000\040\000s\000i\000n\000g\000l\000e\000-\000c\000e\000l\000l\000\040\000e\000x\000p\000r\000e\000s\000s\000i\000o\000n\000s\000,\000\040\000w\000i\000t\000h\000\040\000f\000e\000e\000d\000b\000a\000c\000k}{section.57}% 31
\BOOKMARK [1][-]{section.62}{\376\377\000D\000i\000s\000c\000u\000s\000s\000i\000o\000n}{chapter.49}% 32
